
> docuflow-crm-backend@1.0.0 build
> tsc

src/routes/suitecrm.ts(14,22): error TS6133: 'req' is declared but its value is never read.
src/services/whatsappService.ts(3,11): error TS6196: 'WhatsAppMessage' is declared but never used.
src/services/whatsappService.ts(30,48): error TS2339: Property 'id' does not exist on type '{ config: any; }'.
